e:\qtproject\kfileeditproj\x64\debug\moc_mainwindow.obj
e:\qtproject\kfileeditproj\x64\debug\mainwindow.obj
e:\qtproject\kfileeditproj\x64\debug\main.obj
e:\qtproject\kfileeditproj\x64\debug\vc140.pdb
e:\qtproject\kfileeditproj\debug\moc_predefs.h
e:\qtproject\kfileeditproj\generatedfiles\debug\moc_mainwindow.cpp
e:\qtproject\kfileeditproj\generatedfiles\ui_mainwindow.h
e:\qtproject\kfileeditproj\debug\kfileeditproj.ilk
e:\qtproject\kfileeditproj\debug\kfileeditproj.exe
e:\qtproject\kfileeditproj\debug\kfileeditproj.pdb
e:\qtproject\kfileeditproj\.\generatedfiles\debug\moc_mainwindow.cpp
e:\qtproject\kfileeditproj\.\generatedfiles\ui_mainwindow.h
e:\qtproject\kfileeditproj\x64\debug\kfileeditproj.tlog\cl.command.1.tlog
e:\qtproject\kfileeditproj\x64\debug\kfileeditproj.tlog\cl.read.1.tlog
e:\qtproject\kfileeditproj\x64\debug\kfileeditproj.tlog\cl.write.1.tlog
e:\qtproject\kfileeditproj\x64\debug\kfileeditproj.tlog\custombuild.command.1.tlog
e:\qtproject\kfileeditproj\x64\debug\kfileeditproj.tlog\custombuild.read.1.tlog
e:\qtproject\kfileeditproj\x64\debug\kfileeditproj.tlog\custombuild.write.1.tlog
e:\qtproject\kfileeditproj\x64\debug\kfileeditproj.tlog\kfileeditproj.write.1u.tlog
e:\qtproject\kfileeditproj\x64\debug\kfileeditproj.tlog\link.command.1.tlog
e:\qtproject\kfileeditproj\x64\debug\kfileeditproj.tlog\link.read.1.tlog
e:\qtproject\kfileeditproj\x64\debug\kfileeditproj.tlog\link.write.1.tlog
e:\qtproject\kfileeditproj\x64\debug\kfileeditproj.tlog\qtmoc.read.1u.tlog
e:\qtproject\kfileeditproj\x64\debug\kfileeditproj.tlog\qtmoc.write.1u.tlog
e:\qtproject\kfileeditproj\x64\debug\kfileeditproj.tlog\qtuic.read.1u.tlog
e:\qtproject\kfileeditproj\x64\debug\kfileeditproj.tlog\qtuic.write.1u.tlog
e:\qtproject\kfileeditproj\x64\debug\kfileeditproj.tlog\uic.read.1u.tlog
e:\qtproject\kfileeditproj\x64\debug\kfileeditproj.tlog\uic.write.1u.tlog
